<?xml version="1.0" encoding="UTF-8"?>
<!-- Generated by org.testng.reporters.JUnitReportReporter -->
<testsuite hostname="jm-pc" failures="0" tests="4" name="FlightsTest.FlightsTest" time="37.291" errors="0" timestamp="2020-05-19T17:28:51 ART" skipped="0">
  <testcase classname="FlightsTest.FlightsTest" name="setFlightSearchProperties" time="11.929"/>
  <system-out/>
  <testcase classname="FlightsTest.FlightsTest" name="selectOptions" time="19.850"/>
  <system-out/>
  <testcase classname="FlightsTest.FlightsTest" name="check_for_resultOrder_duration_shorter" time="3.125"/>
  <system-out/>
  <testcase classname="FlightsTest.FlightsTest" name="checks_for_selectButton_FlightsDetailLink_DurationDetail_in_AllResults" time="2.387"/>
  <system-out/>
</testsuite> <!-- FlightsTest.FlightsTest -->
