<?xml version="1.0" encoding="UTF-8"?>
<!-- Generated by org.testng.reporters.JUnitReportReporter -->
<testsuite hostname="jm-pc" failures="0" tests="1" name="flightHoltelTest.ErrorMessageTest" time="10.104" errors="0" timestamp="2020-05-19T17:28:51 ART" skipped="0">
  <testcase classname="flightHoltelTest.ErrorMessageTest" name="flightHotelCheckErrorMessage" time="10.104"/>
  <system-out/>
</testsuite> <!-- flightHoltelTest.ErrorMessageTest -->
